<?xml version="1.0" encoding="UTF-8"?>
<!-- Generated by org.testng.reporters.JUnitXMLReporter -->
<testsuite ignored="0" hostname="DESKTOP-B4EGA60" failures="0" tests="3" name="Default test" time="16.113" errors="0" timestamp="2025-06-28T19:01:33 IST">
  <testcase classname="LoginByDataProviders.saucedemo" name="login" time="0.97"/>
  <testcase classname="LoginByDataProviders.saucedemo" name="login" time="0.355"/>
  <testcase classname="LoginByDataProviders.saucedemo" name="login" time="6.673"/>
</testsuite> <!-- Default test -->
