<?xml version="1.0" encoding="UTF-8"?>
<!-- Generated by org.testng.reporters.JUnitXMLReporter -->
<testsuite ignored="0" hostname="DESKTOP-B4EGA60" failures="0" tests="3" name="Test" time="14.29" errors="0" timestamp="2025-06-28T19:02:37 IST">
  <testcase classname="LoginByDataProviders.saucedemo" name="login" time="2.329"/>
  <testcase classname="LoginByDataProviders.saucedemo" name="login" time="0.3"/>
  <testcase classname="LoginByDataProviders.saucedemo" name="login" time="6.39"/>
</testsuite> <!-- Test -->
